2022-03-03 09:24:36,902 INFO custlogger Successfully created the Collection Object
2022-03-03 09:24:36,943 INFO custlogger Read the json file successfully
2022-03-03 09:24:36,943 INFO custlogger [{'firstName': 'Rack', 'lastName': 'Jackon', 'gender': 'man', 'age': 24, 'address': {'stnum': '126', 'city': 'San Jone', 'state': 'CA', 'postalCode': '394221'}, 'phoneNumbers': [{'type': 'home', 'number': '7383627627'}]}, {'firstName': 'Minnie', 'lastName': 'Winster', 'gender': 'woman', 'age': 22, 'address': {'stnum': '401', 'city': 'Sacramento', 'state': 'CA', 'postalCode': '123021'}, 'phoneNumbers': [{'type': 'mobile', 'number': '7654327098'}]}, {'firstName': 'Mithra', 'lastName': 'Vatsav', 'gender': 'woman', 'age': 19, 'address': {'stnum': '098', 'city': 'Hartford', 'state': 'CT', 'postalCode': '988742'}, 'phoneNumbers': [{'type': 'mobile', 'number': '9876512345'}]}, {'firstName': 'William', 'lastName': 'Bendict', 'gender': 'man', 'age': 56, 'address': {'stnum': '356', 'city': 'Tallahassee', 'state': 'FL', 'postalCode': '674321'}, 'phoneNumbers': [{'type': 'home', 'number': '8452334322'}]}, {'firstName': 'Richard', 'lastName': 'Shawn', 'gender': 'man', 'age': 38, 'address': {'stnum': '9824', 'city': 'Dover', 'state': 'DE', 'postalCode': '123221'}, 'phoneNumbers': [{'type': 'mobile', 'number': '8799917627'}]}, {'firstName': 'Brandon', 'lastName': 'Cox', 'gender': 'man', 'age': 64, 'address': {'stnum': '9833', 'city': 'Springfield', 'state': 'IL', 'postalCode': '94021'}, 'phoneNumbers': [{'type': 'mobile', 'number': '8324527627'}]}, {'firstName': 'Sheela', 'lastName': 'Ruthford', 'gender': 'woman', 'age': 78, 'address': {'stnum': '9811', 'city': 'Dover', 'state': 'DE', 'postalCode': '394289'}, 'phoneNumbers': [{'type': 'home', 'number': '9876527627'}]}]
2022-03-03 09:24:36,956 INFO custlogger Records are successfully inserted inside the Mongo DB
2022-03-03 09:24:36,960 INFO custlogger Filtering the records based on their age - here age > 40
2022-03-03 09:24:36,962 INFO custlogger   firstName  lastName  age
3   William   Bendict   56
5   Brandon       Cox   64
6    Sheela  Ruthford   78
2022-03-03 09:24:36,967 INFO custlogger Fetch the Persons list group by State ID
2022-03-03 09:24:36,969 INFO custlogger States : ['CA' 'CT' 'DE' 'FL' 'IL'] Count : [2 1 2 1 1]
2022-03-03 10:18:28,389 INFO custlogger Successfully created the Collection Object
2022-03-03 10:18:28,408 INFO custlogger Read the json file successfully
2022-03-03 10:18:28,408 INFO custlogger [{'firstName': 'Rack', 'lastName': 'Jackon', 'gender': 'man', 'age': 24, 'address': {'stnum': '126', 'city': 'San Jone', 'state': 'CA', 'postalCode': '394221'}, 'phoneNumbers': [{'type': 'home', 'number': '7383627627'}]}, {'firstName': 'Minnie', 'lastName': 'Winster', 'gender': 'woman', 'age': 22, 'address': {'stnum': '401', 'city': 'Sacramento', 'state': 'CA', 'postalCode': '123021'}, 'phoneNumbers': [{'type': 'mobile', 'number': '7654327098'}]}, {'firstName': 'Mithra', 'lastName': 'Vatsav', 'gender': 'woman', 'age': 19, 'address': {'stnum': '098', 'city': 'Hartford', 'state': 'CT', 'postalCode': '988742'}, 'phoneNumbers': [{'type': 'mobile', 'number': '9876512345'}]}, {'firstName': 'William', 'lastName': 'Bendict', 'gender': 'man', 'age': 56, 'address': {'stnum': '356', 'city': 'Tallahassee', 'state': 'FL', 'postalCode': '674321'}, 'phoneNumbers': [{'type': 'home', 'number': '8452334322'}]}, {'firstName': 'Richard', 'lastName': 'Shawn', 'gender': 'man', 'age': 38, 'address': {'stnum': '9824', 'city': 'Dover', 'state': 'DE', 'postalCode': '123221'}, 'phoneNumbers': [{'type': 'mobile', 'number': '8799917627'}]}, {'firstName': 'Brandon', 'lastName': 'Cox', 'gender': 'man', 'age': 64, 'address': {'stnum': '9833', 'city': 'Springfield', 'state': 'IL', 'postalCode': '94021'}, 'phoneNumbers': [{'type': 'mobile', 'number': '8324527627'}]}, {'firstName': 'Sheela', 'lastName': 'Ruthford', 'gender': 'woman', 'age': 78, 'address': {'stnum': '9811', 'city': 'Dover', 'state': 'DE', 'postalCode': '394289'}, 'phoneNumbers': [{'type': 'home', 'number': '9876527627'}]}]
2022-03-03 10:18:28,422 INFO custlogger Records are successfully inserted inside the Mongo DB
2022-03-03 10:18:28,426 INFO custlogger Filtering the records based on their age - here age > 40
2022-03-03 10:18:28,429 INFO custlogger   firstName  lastName  age
3   William   Bendict   56
5   Brandon       Cox   64
6    Sheela  Ruthford   78
2022-03-03 10:18:28,436 INFO custlogger Fetch the Persons list group by State ID
2022-03-03 10:18:28,439 INFO custlogger States : ['CA' 'CT' 'DE' 'FL' 'IL'] Count : [2 1 2 1 1]
2022-03-03 10:28:57,132 INFO custlogger Successfully created the Collection Object
2022-03-03 10:28:57,162 INFO custlogger Read the json file successfully
2022-03-03 10:28:57,162 INFO custlogger [{'firstName': 'Rack', 'lastName': 'Jackon', 'gender': 'man', 'age': 24, 'address': {'stnum': '126', 'city': 'San Jone', 'state': 'CA', 'postalCode': '394221'}, 'phoneNumbers': [{'type': 'home', 'number': '7383627627'}]}, {'firstName': 'Minnie', 'lastName': 'Winster', 'gender': 'woman', 'age': 22, 'address': {'stnum': '401', 'city': 'Sacramento', 'state': 'CA', 'postalCode': '123021'}, 'phoneNumbers': [{'type': 'mobile', 'number': '7654327098'}]}, {'firstName': 'Mithra', 'lastName': 'Vatsav', 'gender': 'woman', 'age': 19, 'address': {'stnum': '098', 'city': 'Hartford', 'state': 'CT', 'postalCode': '988742'}, 'phoneNumbers': [{'type': 'mobile', 'number': '9876512345'}]}, {'firstName': 'William', 'lastName': 'Bendict', 'gender': 'man', 'age': 56, 'address': {'stnum': '356', 'city': 'Tallahassee', 'state': 'FL', 'postalCode': '674321'}, 'phoneNumbers': [{'type': 'home', 'number': '8452334322'}]}, {'firstName': 'Richard', 'lastName': 'Shawn', 'gender': 'man', 'age': 38, 'address': {'stnum': '9824', 'city': 'Dover', 'state': 'DE', 'postalCode': '123221'}, 'phoneNumbers': [{'type': 'mobile', 'number': '8799917627'}]}, {'firstName': 'Brandon', 'lastName': 'Cox', 'gender': 'man', 'age': 64, 'address': {'stnum': '9833', 'city': 'Springfield', 'state': 'IL', 'postalCode': '94021'}, 'phoneNumbers': [{'type': 'mobile', 'number': '8324527627'}]}, {'firstName': 'Sheela', 'lastName': 'Ruthford', 'gender': 'woman', 'age': 78, 'address': {'stnum': '9811', 'city': 'Dover', 'state': 'DE', 'postalCode': '394289'}, 'phoneNumbers': [{'type': 'home', 'number': '9876527627'}]}]
2022-03-03 10:28:57,174 INFO custlogger Records are successfully inserted inside the Mongo DB
2022-03-03 10:28:57,178 INFO custlogger Filtering the records based on their age - here age > 40
2022-03-03 10:28:57,180 INFO custlogger   firstName  lastName  age
3   William   Bendict   56
5   Brandon       Cox   64
6    Sheela  Ruthford   78
2022-03-03 10:28:57,187 INFO custlogger Fetch the Persons list group by State ID
2022-03-03 10:28:57,189 INFO custlogger States : ['CA' 'CT' 'DE' 'FL' 'IL'] Count : [2 1 2 1 1]
